2023-09-24 10:18:52.409 - DBeaver 23.1.2.202307091549 is starting
2023-09-24 10:18:52.409 - OS: Windows 10 10.0 (amd64)
2023-09-24 10:18:52.409 - Java version: 17.0.6 by Eclipse Adoptium (64bit)
2023-09-24 10:18:52.410 - Install path: 'E:\pch\dbms6_1900_pch\resource\dbeaver-ce-23.1.2-win32.win32.x86_64\dbeaver'
2023-09-24 10:18:52.410 - Instance path: 'file:/E:/pch/DBMS/workspace/'
2023-09-24 10:18:52.410 - Memory available 64Mb/1024Mb
2023-09-24 10:18:52.441 - Create display
2023-09-24 10:18:52.560 - Initializing DBeaver 23.1.2
2023-09-24 10:18:52.560 - Host plugin: org.jkiss.dbeaver.ui.app.standalone 23.1.2.202307091549
2023-09-24 10:18:52.561 - Initialize desktop platform...
2023-09-24 10:18:52.653 - BounceCastle bundle found. Use JCE provider BC
> Start Core File Systems [org.eclipse.core.filesystem 1.10.0.v20230425-0513]
> Start Core Resource Management [org.eclipse.core.resources 3.19.0.v20230510-1240]
> Start Team Support Core [org.eclipse.team.core 3.10.0.v20230317-0901]
> Start DBeaver UI Navigator [org.jkiss.dbeaver.ui.navigator 1.0.109.202307091549]
2023-09-24 10:18:52.902 - 
2023-09-24 10:18:52.902 - 	Refreshing workspace.
2023-09-24 10:18:52.904 - Refreshing workspace contents
2023-09-24 10:18:52.904 - 	Adding project 'day03'
2023-09-24 10:18:52.904 - Create.
2023-09-24 10:18:52.998 - Initialize base platform...
2023-09-24 10:18:53.031 - Platform initialized (470ms)
> Start DBeaver UI Editors - Base [org.jkiss.dbeaver.ui.editors.base 1.0.109.202307091549]
2023-09-24 10:18:53.061 - Starting instance server at http://localhost:64427
2023-09-24 10:18:53.093 - Run workbench
> Start DBeaver UI [org.jkiss.dbeaver.ui 5.1.124.202307091549]
> Start Eclipse e4 Workbench SWT [org.eclipse.e4.ui.workbench.swt 0.17.0.v20230501-1823]
> Start Eclipse Application Services [org.eclipse.e4.core.services 2.4.0.v20230429-1914]
> Start Eclipse UI Application Services [org.eclipse.e4.ui.services 1.6.0.v20230501-1823]
> Start Eclipse e4 Progress View [org.eclipse.e4.ui.progress 0.4.0.v20230501-1823]
> Start Eclipse Bindings Support [org.eclipse.e4.ui.bindings 0.14.0.v20230501-1823]
> Start Eclipse e4 core commands [org.eclipse.e4.core.commands 1.1.0.v20230501-1823]
> Start EMF XML/XMI Persistence [org.eclipse.emf.ecore.xmi 2.18.0.v20230211-1150]
> Start Eclipse CSS SWT Theme Support [org.eclipse.e4.ui.css.swt.theme 0.14.0.v20230501-1533]
> Start Eclipse e4 Workbench Add-ons [org.eclipse.e4.ui.workbench.addons.swt 1.5.0.v20230501-1823]
> Start Eclipse e4 Workbench SWT Renderer [org.eclipse.e4.ui.workbench.renderers.swt 0.16.0.v20230525-0648]
> Start Eclipse Dependency Injection Extensions [org.eclipse.e4.core.di.extensions 0.18.0.v20230429-1914]
> Start Eclipse CSS SWT Support [org.eclipse.e4.ui.css.swt 0.15.0.v20230317-0802]
2023-09-24 10:18:59.969 - Configure workbench window
> Start DBeaver SQL Model [org.jkiss.dbeaver.model.sql 1.0.99.202307091549]
2023-09-24 10:19:00.164 - Total database drivers: 104 (104)
> Start Help System Core [org.eclipse.help 3.10.0.v20230317-0802]
2023-09-24 10:19:00.240 - Create actions
2023-09-24 10:19:00.243 - Disable Eclipse action set 'org.eclipse.ui.edit.text.actionSet.annotationNavigation'
2023-09-24 10:19:00.244 - Disable Eclipse action set 'org.eclipse.ui.WorkingSetActionSet'
2023-09-24 10:19:00.244 - Disable Eclipse action set 'org.eclipse.ui.actionSet.openFiles'
2023-09-24 10:19:00.879 - Initialize workbench window
2023-09-24 10:19:00.882 - Finish initialization
> Start Default Text Editor [org.eclipse.ui.editors 3.16.0.v20230329-1609]
> Start Text Editor Framework [org.eclipse.ui.workbench.texteditor 3.17.0.v20230316-1200]
> Start DBeaver UI Editors - Data [org.jkiss.dbeaver.ui.editors.data 1.0.109.202307091549]
Warning: NLS unused message: actions_navigator__objects in: org.jkiss.dbeaver.ui.editors.sql.internal.SQLEditorMessages
> Start DBeaver UI Editors - SQL [org.jkiss.dbeaver.ui.editors.sql 1.0.109.202307091549]
> Start DBeaver SQL Terminal [org.jkiss.dbeaver.ui.editors.sql.terminal 1.0.85.202307091549]
> Start Core Compare Support [org.eclipse.compare.core 3.8.0.v20230517-1315]
> Start Equinox Java Authentication and Authorization Service (JAAS) [org.eclipse.equinox.security 1.3.1000.v20220801-1135]
> Start jna [com.sun.jna 5.13.0]
> Start Internet Connection Management UI [org.eclipse.ui.net 1.5.0.v20230317-0901]
> Start Internet Connection Management [org.eclipse.core.net 1.5.0.v20230317-0901]
> Start DBeaver Sample Database [org.jkiss.dbeaver.ext.sample.database 1.0.146.202307091549]
> Start DBeaver Tip of the day [org.jkiss.dbeaver.ext.ui.tipoftheday 1.0.115.202307091549]
> Start GEF Classic Draw2d [org.eclipse.draw2d 3.13.0.202306071707]
> Start GEF Classic GEF (MVC) [org.eclipse.gef 3.14.0.202306071707]
> Start DBeaver ERD UI [org.jkiss.dbeaver.erd.ui 3.0.69.202307091549]
> Start DBeaver ERD Model [org.jkiss.dbeaver.erd.model 1.0.69.202307091549]
> Start Console [org.eclipse.ui.console 3.12.0.v20230317-0802]
> Start Debug Core [org.eclipse.debug.core 3.21.0.v20230508-1538]
2023-09-24 10:19:03.674 - Connect with 'localhost' (oracle_thin-18abf82833a-40d794d0d86ea910)
> Start Bundle-Name [org.jkiss.dbeaver.model.jdbc 1.0.2.202307091549]
> Start DBeaver Oracle Support [org.jkiss.dbeaver.ext.oracle 2.1.194.202307091549]
2023-09-24 10:19:03.738 - Execution context opened (localhost; Main; 0)
2023-09-24 10:19:04.104 - Execution context opened (localhost; Metadata; 1)
2023-09-24 10:19:04.171 - Connected (oracle_thin-18abf82833a-40d794d0d86ea910, Oracle JDBC driver [12.1.0.2.0])
2023-09-24 10:19:04.173 - Execution context opened (localhost; SQLEditor <day05.sql>; 2)
> Start DBeaver Tasks - Native Tools UI [org.jkiss.dbeaver.tasks.native.ui 1.0.87.202307091549]
> Start DBeaver Oracle UI [org.jkiss.dbeaver.ext.oracle.ui 1.0.96.202307091549]
> Start DBeaver Tasks - General UI [org.jkiss.dbeaver.tasks.ui 1.0.87.202307091549]
2023-09-24 10:19:05.727 - Open [https://dbeaver.io/product/version.xml]
2023-09-24 10:19:22.738 - Delete empty SQL script '\day05\Scripts\day05.sql'
2023-09-24 10:19:22.782 - Execution context closed (localhost, 2)
> Start DBeaver UI Editors - Connections [org.jkiss.dbeaver.ui.editors.connection 1.0.100.202307091549]
2023-09-24 10:19:46.252 - Auth model 'native' was replaced by 'oracle_native'
2023-09-24 10:19:46.269 - Service 'org.jkiss.dbeaver.runtime.ui.UIServiceSecurity' not found
2023-09-24 10:19:56.969 - Connect with 'jdbc:oracle:thin:@//localhost:1521/XE' (oracle_thin-18ac4c59213-3c11f336c38d2edb)
2023-09-24 10:19:56.970 - Execution context opened (jdbc:oracle:thin:@//localhost:1521/XE; Main; 3)
2023-09-24 10:19:57.060 - Connected (oracle_thin-18ac4c59213-3c11f336c38d2edb, Oracle JDBC driver [12.1.0.2.0])
2023-09-24 10:19:57.112 - Execution context closed (jdbc:oracle:thin:@//localhost:1521/XE, 3)
2023-09-24 10:19:57.112 - Disconnected (oracle_thin-18ac4c59213-3c11f336c38d2edb)
2023-09-24 10:20:04.591 - Connect with 'localhost' (oracle_thin-18ac4c567b7-4a264405b57e92e2)
2023-09-24 10:20:04.592 - Execution context opened (localhost; Main; 4)
2023-09-24 10:20:04.604 - Execution context opened (localhost; Metadata; 5)
2023-09-24 10:20:04.621 - Connected (oracle_thin-18ac4c567b7-4a264405b57e92e2, Oracle JDBC driver [12.1.0.2.0])
2023-09-24 10:20:04.630 - Execution context opened (localhost; SQLEditor <day06.sql>; 6)
> Start DBeaver SQL Language Semantic Model [org.jkiss.dbeaver.model.lsm 1.0.4.202307091549]
2023-09-24 11:12:46.422 - Execution context closed (localhost, 6)
2023-09-24 11:12:47.758 - DBeaver is stopping
2023-09-24 11:12:47.759 - Stop instance server
2023-09-24 11:12:48.759 - DBeaver shutdown completed
