2023-09-17 09:36:47.650 - DBeaver 23.1.2.202307091549 is starting
2023-09-17 09:36:47.651 - OS: Windows 10 10.0 (amd64)
2023-09-17 09:36:47.651 - Java version: 17.0.6 by Eclipse Adoptium (64bit)
2023-09-17 09:36:47.651 - Install path: 'E:\pch\dbms6_1900_pch\resource\dbeaver-ce-23.1.2-win32.win32.x86_64\dbeaver'
2023-09-17 09:36:47.651 - Instance path: 'file:/E:/pch/DBMS/workspace/'
2023-09-17 09:36:47.651 - Memory available 64Mb/1024Mb
2023-09-17 09:36:47.690 - Create display
2023-09-17 09:36:47.923 - Initializing DBeaver 23.1.2
2023-09-17 09:36:47.924 - Host plugin: org.jkiss.dbeaver.ui.app.standalone 23.1.2.202307091549
2023-09-17 09:36:47.925 - Initialize desktop platform...
2023-09-17 09:36:48.284 - BounceCastle bundle found. Use JCE provider BC
> Start Core File Systems [org.eclipse.core.filesystem 1.10.0.v20230425-0513]
> Start Core Resource Management [org.eclipse.core.resources 3.19.0.v20230510-1240]
> Start Team Support Core [org.eclipse.team.core 3.10.0.v20230317-0901]
> Start DBeaver UI Navigator [org.jkiss.dbeaver.ui.navigator 1.0.109.202307091549]
2023-09-17 09:36:48.910 - 
2023-09-17 09:36:48.910 - 	Refreshing workspace.
2023-09-17 09:36:48.913 - Refreshing workspace contents
2023-09-17 09:36:48.993 - Initialize base platform...
2023-09-17 09:36:49.064 - Platform initialized (1139ms)
> Start DBeaver UI Editors - Base [org.jkiss.dbeaver.ui.editors.base 1.0.109.202307091549]
2023-09-17 09:36:49.128 - Starting instance server at http://localhost:53214
2023-09-17 09:36:49.177 - Run workbench
> Start DBeaver UI [org.jkiss.dbeaver.ui 5.1.124.202307091549]
> Start Eclipse e4 Workbench SWT [org.eclipse.e4.ui.workbench.swt 0.17.0.v20230501-1823]
> Start Eclipse Application Services [org.eclipse.e4.core.services 2.4.0.v20230429-1914]
> Start Eclipse UI Application Services [org.eclipse.e4.ui.services 1.6.0.v20230501-1823]
> Start Eclipse e4 Progress View [org.eclipse.e4.ui.progress 0.4.0.v20230501-1823]
> Start Eclipse Bindings Support [org.eclipse.e4.ui.bindings 0.14.0.v20230501-1823]
> Start Eclipse e4 core commands [org.eclipse.e4.core.commands 1.1.0.v20230501-1823]
> Start EMF XML/XMI Persistence [org.eclipse.emf.ecore.xmi 2.18.0.v20230211-1150]
> Start Eclipse CSS SWT Theme Support [org.eclipse.e4.ui.css.swt.theme 0.14.0.v20230501-1533]
> Start Eclipse e4 Workbench Add-ons [org.eclipse.e4.ui.workbench.addons.swt 1.5.0.v20230501-1823]
> Start Eclipse e4 Workbench SWT Renderer [org.eclipse.e4.ui.workbench.renderers.swt 0.16.0.v20230525-0648]
> Start Eclipse Dependency Injection Extensions [org.eclipse.e4.core.di.extensions 0.18.0.v20230429-1914]
> Start Eclipse CSS SWT Support [org.eclipse.e4.ui.css.swt 0.15.0.v20230317-0802]
2023-09-17 09:36:55.682 - Configure workbench window
> Start DBeaver SQL Model [org.jkiss.dbeaver.model.sql 1.0.99.202307091549]
2023-09-17 09:36:55.925 - Total database drivers: 104 (104)
> Start Help System Core [org.eclipse.help 3.10.0.v20230317-0802]
2023-09-17 09:36:55.979 - Create actions
2023-09-17 09:36:55.982 - Disable Eclipse action set 'org.eclipse.ui.edit.text.actionSet.annotationNavigation'
2023-09-17 09:36:55.982 - Disable Eclipse action set 'org.eclipse.ui.WorkingSetActionSet'
2023-09-17 09:36:55.982 - Disable Eclipse action set 'org.eclipse.ui.actionSet.openFiles'
2023-09-17 09:36:56.508 - Initialize workbench window
2023-09-17 09:36:56.512 - Finish initialization
> Start Default Text Editor [org.eclipse.ui.editors 3.16.0.v20230329-1609]
> Start Text Editor Framework [org.eclipse.ui.workbench.texteditor 3.17.0.v20230316-1200]
> Start DBeaver UI Editors - Data [org.jkiss.dbeaver.ui.editors.data 1.0.109.202307091549]
Warning: NLS unused message: actions_navigator__objects in: org.jkiss.dbeaver.ui.editors.sql.internal.SQLEditorMessages
> Start DBeaver UI Editors - SQL [org.jkiss.dbeaver.ui.editors.sql 1.0.109.202307091549]
> Start DBeaver SQL Terminal [org.jkiss.dbeaver.ui.editors.sql.terminal 1.0.85.202307091549]
> Start Core Compare Support [org.eclipse.compare.core 3.8.0.v20230517-1315]
> Start Equinox Java Authentication and Authorization Service (JAAS) [org.eclipse.equinox.security 1.3.1000.v20220801-1135]
> Start jna [com.sun.jna 5.13.0]
> Start Internet Connection Management UI [org.eclipse.ui.net 1.5.0.v20230317-0901]
> Start Internet Connection Management [org.eclipse.core.net 1.5.0.v20230317-0901]
> Start DBeaver Sample Database [org.jkiss.dbeaver.ext.sample.database 1.0.146.202307091549]
> Start DBeaver Tip of the day [org.jkiss.dbeaver.ext.ui.tipoftheday 1.0.115.202307091549]
> Start GEF Classic Draw2d [org.eclipse.draw2d 3.13.0.202306071707]
> Start GEF Classic GEF (MVC) [org.eclipse.gef 3.14.0.202306071707]
> Start DBeaver ERD UI [org.jkiss.dbeaver.erd.ui 3.0.69.202307091549]
> Start DBeaver ERD Model [org.jkiss.dbeaver.erd.model 1.0.69.202307091549]
> Start Console [org.eclipse.ui.console 3.12.0.v20230317-0802]
> Start Debug Core [org.eclipse.debug.core 3.21.0.v20230508-1538]
2023-09-17 09:36:59.270 - Connect with 'localhost' (oracle_thin-18a9b6d16e4-2c831550c81b934f)
> Start Bundle-Name [org.jkiss.dbeaver.model.jdbc 1.0.2.202307091549]
> Start DBeaver Oracle Support [org.jkiss.dbeaver.ext.oracle 2.1.194.202307091549]
2023-09-17 09:36:59.319 - Execution context opened (localhost; Main; 0)
2023-09-17 09:36:59.645 - Execution context opened (localhost; Metadata; 1)
2023-09-17 09:36:59.699 - Connected (oracle_thin-18a9b6d16e4-2c831550c81b934f, Oracle JDBC driver [12.1.0.2.0])
2023-09-17 09:36:59.701 - Execution context opened (localhost; SQLEditor <day03.sql>; 2)
> Start DBeaver Tasks - Native Tools UI [org.jkiss.dbeaver.tasks.native.ui 1.0.87.202307091549]
> Start DBeaver Oracle UI [org.jkiss.dbeaver.ext.oracle.ui 1.0.96.202307091549]
> Start DBeaver Tasks - General UI [org.jkiss.dbeaver.tasks.ui 1.0.87.202307091549]
2023-09-17 09:37:01.230 - Open [https://dbeaver.io/product/version.xml]
2023-09-17 09:37:16.227 - Connect with 'localhost' (oracle_thin-18a9b6d16e4-2c831550c81b934f)
2023-09-17 09:37:16.228 - Execution context opened (localhost; Main; 3)
2023-09-17 09:37:16.228 - Execution context closed (localhost, 2)
2023-09-17 09:37:16.237 - Execution context opened (localhost; Metadata; 4)
2023-09-17 09:37:16.251 - Connected (oracle_thin-18a9b6d16e4-2c831550c81b934f, Oracle JDBC driver [12.1.0.2.0])
2023-09-17 09:37:16.282 - Execution context opened (localhost; SQLEditor <day03.sql>; 5)
> Start DBeaver SQL Language Semantic Model [org.jkiss.dbeaver.model.lsm 1.0.4.202307091549]
2023-09-17 09:41:19.319 - Execution context closed (localhost, 5)
2023-09-17 09:41:19.531 - DBeaver is stopping
2023-09-17 09:41:19.531 - Stop instance server
2023-09-17 09:41:20.532 - DBeaver shutdown completed
